<?xml version="1.0" encoding="UTF-8"?>
<!-- Generated by org.testng.reporters.JUnitReportReporter -->
<testsuite hostname="LAPTOP-V9RMQIN2" failures="0" tests="4" name="Test_2.Test_D_3" time="25.632" errors="0" timestamp="2022-08-15T10:57:36 IST" skipped="0">
  <testcase classname="Test_2.Test_D_3" name="test3" time="7.018"/>
  <system-out/>
  <testcase classname="Test_2.Test_D_3" name="test2" time="6.371"/>
  <system-out/>
  <testcase classname="Test_2.Test_D_3" name="test1" time="5.580"/>
  <system-out/>
  <testcase classname="Test_2.Test_D_3" name="test4" time="6.663"/>
  <system-out/>
</testsuite> <!-- Test_2.Test_D_3 -->
