<?xml version="1.0" encoding="UTF-8"?>
<!-- Generated by org.testng.reporters.JUnitReportReporter -->
<testsuite hostname="LAPTOP-V9RMQIN2" failures="0" tests="3" name="Test_2.Test_Demo_1" time="0.024" errors="0" timestamp="2022-08-10T11:48:12 IST" skipped="0">
  <testcase classname="Test_2.Test_Demo_1" name="test_tc_oo1" time="0.002"/>
  <system-out/>
  <testcase classname="Test_2.Test_Demo_1" name="test_tc_003" time="0.003"/>
  <system-out/>
  <testcase classname="Test_2.Test_Demo_1" name="test_tc_002" time="0.019"/>
  <system-out/>
</testsuite> <!-- Test_2.Test_Demo_1 -->
