<?xml version="1.0" encoding="UTF-8"?>
<!-- Generated by org.testng.reporters.JUnitReportReporter -->
<testsuite hostname="LAPTOP-V9RMQIN2" failures="0" tests="2" name="Test_2.Test_D_2" time="0.027" errors="0" timestamp="2022-08-13T11:03:31 IST" skipped="0">
  <testcase classname="Test_2.Test_D_2" name="Test_2" time="0.007"/>
  <system-out/>
  <testcase classname="Test_2.Test_D_2" name="Test_1" time="0.020"/>
  <system-out/>
</testsuite> <!-- Test_2.Test_D_2 -->
