<?xml version="1.0" encoding="UTF-8"?>
<!-- Generated by org.testng.reporters.JUnitReportReporter -->
<testsuite hostname="LAPTOP-V9RMQIN2" failures="0" tests="4" name="Test_2.Test_D_8" time="0.030" errors="0" timestamp="2022-08-15T11:27:50 IST" skipped="0">
  <testcase classname="Test_2.Test_D_8" name="test_A" time="0.021"/>
  <system-out/>
  <testcase classname="Test_2.Test_D_8" name="test_B" time="0.004"/>
  <system-out/>
  <testcase classname="Test_2.Test_D_8" name="test_D" time="0.002"/>
  <system-out/>
  <testcase classname="Test_2.Test_D_8" name="test_C" time="0.003"/>
  <system-out/>
</testsuite> <!-- Test_2.Test_D_8 -->
