<?xml version="1.0" encoding="UTF-8"?>
<!-- Generated by org.testng.reporters.JUnitReportReporter -->
<testsuite hostname="LAPTOP-V9RMQIN2" failures="0" tests="1" name="Test_2.Test_D_4" time="7.100" errors="0" timestamp="2022-08-15T10:57:36 IST" skipped="0">
  <testcase classname="Test_2.Test_D_4" name="Test5" time="7.100"/>
  <system-out/>
</testsuite> <!-- Test_2.Test_D_4 -->
